# JRE version: OpenJDK Runtime Environment Temurin-17.0.5+8 (17.0.5+8) (build 17.0.5+8)
# Java VM: OpenJDK 64-Bit Server VM Temurin-17.0.5+8 (17.0.5+8, mixed mode, sharing, tiered, compressed oops, compressed class ptrs, g1 gc, windows-amd64)
GC Precious Log:
 CPUs: 12 total, 12 available
 Memory: 24446M
 Large Page Support: Disabled
 NUMA Support: Disabled
 Compressed Oops: Enabled (Zero based)
 Heap Region Size: 4M
 Heap Min Capacity: 8M
 Heap Initial Capacity: 384M
 Heap Max Capacity: 6112M
 Pre-touch: Disabled
 Parallel Workers: 10
 Concurrent Workers: 3
 Concurrent Refinement Workers: 10
 Periodic GC: Disabled
Heap:
 garbage-first heap   total 1421312K, used 831296K [0x0000000682000000, 0x0000000800000000)
  region size 4096K, 2 young (8192K), 2 survivors (8192K)
 Metaspace       used 101264K, committed 102656K, reserved 1138688K
  class space    used 15039K, committed 15680K, reserved 1048576K
GC Heap History (20 events):
Event: 274.202 GC heap after
{Heap after GC invocations=41 (full 0):
 garbage-first heap   total 581632K, used 279942K [0x0000000682000000, 0x0000000800000000)
  region size 4096K, 6 young (24576K), 6 survivors (24576K)
 Metaspace       used 92078K, committed 93440K, reserved 1130496K
  class space    used 13645K, committed 14272K, reserved 1048576K
}
Event: 275.144 GC heap before
{Heap before GC invocations=41 (full 0):
 garbage-first heap   total 581632K, used 480646K [0x0000000682000000, 0x0000000800000000)
  region size 4096K, 56 young (229376K), 6 survivors (24576K)
 Metaspace       used 95457K, committed 96832K, reserved 1138688K
  class space    used 14316K, committed 14912K, reserved 1048576K
}
Event: 275.161 GC heap after
{Heap after GC invocations=42 (full 0):
 garbage-first heap   total 581632K, used 287626K [0x0000000682000000, 0x0000000800000000)
  region size 4096K, 6 young (24576K), 6 survivors (24576K)
 Metaspace       used 95457K, committed 96832K, reserved 1138688K
  class space    used 14316K, committed 14912K, reserved 1048576K
}
Event: 276.701 GC heap before
{Heap before GC invocations=43 (full 0):
 garbage-first heap   total 581632K, used 484234K [0x0000000682000000, 0x0000000800000000)
  region size 4096K, 54 young (221184K), 6 survivors (24576K)
 Metaspace       used 96911K, committed 98240K, reserved 1138688K
  class space    used 14527K, committed 15104K, reserved 1048576K
}
Event: 276.712 GC heap after
{Heap after GC invocations=44 (full 0):
 garbage-first heap   total 581632K, used 287145K [0x0000000682000000, 0x0000000800000000)
  region size 4096K, 3 young (12288K), 3 survivors (12288K)
 Metaspace       used 96911K, committed 98240K, reserved 1138688K
  class space    used 14527K, committed 15104K, reserved 1048576K
}
Event: 276.738 GC heap before
{Heap before GC invocations=44 (full 0):
 garbage-first heap   total 581632K, used 303529K [0x0000000682000000, 0x0000000800000000)
  region size 4096K, 7 young (28672K), 3 survivors (12288K)
 Metaspace       used 96912K, committed 98240K, reserved 1138688K
  class space    used 14527K, committed 15104K, reserved 1048576K
}
Event: 276.746 GC heap after
{Heap after GC invocations=45 (full 0):
 garbage-first heap   total 581632K, used 287712K [0x0000000682000000, 0x0000000800000000)
  region size 4096K, 1 young (4096K), 1 survivors (4096K)
 Metaspace       used 96912K, committed 98240K, reserved 1138688K
  class space    used 14527K, committed 15104K, reserved 1048576K
}
Event: 277.401 GC heap before
{Heap before GC invocations=45 (full 0):
 garbage-first heap   total 581632K, used 488416K [0x0000000682000000, 0x0000000800000000)
  region size 4096K, 50 young (204800K), 1 survivors (4096K)
 Metaspace       used 99557K, committed 100864K, reserved 1138688K
  class space    used 14854K, committed 15424K, reserved 1048576K
}
Event: 277.411 GC heap after
{Heap after GC invocations=46 (full 0):
 garbage-first heap   total 1159168K, used 296857K [0x0000000682000000, 0x0000000800000000)
  region size 4096K, 3 young (12288K), 3 survivors (12288K)
 Metaspace       used 99557K, committed 100864K, reserved 1138688K
  class space    used 14854K, committed 15424K, reserved 1048576K
}
Event: 278.174 GC heap before
{Heap before GC invocations=47 (full 0):
 garbage-first heap   total 1159168K, used 956313K [0x0000000682000000, 0x0000000800000000)
  region size 4096K, 164 young (671744K), 3 survivors (12288K)
 Metaspace       used 99858K, committed 101184K, reserved 1138688K
  class space    used 14892K, committed 15488K, reserved 1048576K
}
Event: 278.417 GC heap after
{Heap after GC invocations=48 (full 0):
 garbage-first heap   total 1351680K, used 678336K [0x0000000682000000, 0x0000000800000000)
  region size 4096K, 21 young (86016K), 21 survivors (86016K)
 Metaspace       used 99858K, committed 101184K, reserved 1138688K
  class space    used 14892K, committed 15488K, reserved 1048576K
}
Event: 278.421 GC heap before
{Heap before GC invocations=48 (full 0):
 garbage-first heap   total 1351680K, used 682432K [0x0000000682000000, 0x0000000800000000)
  region size 4096K, 22 young (90112K), 21 survivors (86016K)
 Metaspace       used 99858K, committed 101184K, reserved 1138688K
  class space    used 14892K, committed 15488K, reserved 1048576K
}
Event: 278.508 GC heap after
{Heap after GC invocations=49 (full 0):
 garbage-first heap   total 1351680K, used 696320K [0x0000000682000000, 0x0000000800000000)
  region size 4096K, 3 young (12288K), 3 survivors (12288K)
 Metaspace       used 99858K, committed 101184K, reserved 1138688K
  class space    used 14892K, committed 15488K, reserved 1048576K
}
Event: 279.090 GC heap before
{Heap before GC invocations=49 (full 0):
 garbage-first heap   total 1351680K, used 991232K [0x0000000682000000, 0x0000000800000000)
  region size 4096K, 75 young (307200K), 3 survivors (12288K)
 Metaspace       used 101046K, committed 102464K, reserved 1138688K
  class space    used 15018K, committed 15680K, reserved 1048576K
}
Event: 279.150 GC heap after
{Heap after GC invocations=50 (full 0):
 garbage-first heap   total 1351680K, used 786432K [0x0000000682000000, 0x0000000800000000)
  region size 4096K, 10 young (40960K), 10 survivors (40960K)
 Metaspace       used 101046K, committed 102464K, reserved 1138688K
  class space    used 15018K, committed 15680K, reserved 1048576K
}
Event: 279.593 GC heap before
{Heap before GC invocations=50 (full 0):
 garbage-first heap   total 1351680K, used 1032192K [0x0000000682000000, 0x0000000800000000)
  region size 4096K, 70 young (286720K), 10 survivors (40960K)
 Metaspace       used 101104K, committed 102528K, reserved 1138688K
  class space    used 15018K, committed 15680K, reserved 1048576K
}
Event: 279.627 GC heap after
{Heap after GC invocations=51 (full 0):
 garbage-first heap   total 1351680K, used 816448K [0x0000000682000000, 0x0000000800000000)
  region size 4096K, 6 young (24576K), 6 survivors (24576K)
 Metaspace       used 101104K, committed 102528K, reserved 1138688K
  class space    used 15018K, committed 15680K, reserved 1048576K
}
Event: 280.081 GC heap before
{Heap before GC invocations=52 (full 0):
 garbage-first heap   total 1421312K, used 1058112K [0x0000000682000000, 0x0000000800000000)
  region size 4096K, 65 young (266240K), 6 survivors (24576K)
 Metaspace       used 101198K, committed 102592K, reserved 1138688K
  class space    used 15028K, committed 15680K, reserved 1048576K
}
Event: 280.097 GC heap after
{Heap after GC invocations=53 (full 0):
 garbage-first heap   total 1421312K, used 841914K [0x0000000682000000, 0x0000000800000000)
  region size 4096K, 6 young (24576K), 6 survivors (24576K)
 Metaspace       used 101198K, committed 102592K, reserved 1138688K
  class space    used 15028K, committed 15680K, reserved 1048576K
}
Event: 280.310 GC heap before
{Heap before GC invocations=53 (full 0):
 garbage-first heap   total 1421312K, used 886970K [0x0000000682000000, 0x0000000800000000)
  region size 4096K, 17 young (69632K), 6 survivors (24576K)
 Metaspace       used 101264K, committed 102656K, reserved 1138688K
  class space    used 15039K, committed 15680K, reserved 1048576K
}

