# JRE version: OpenJDK Runtime Environment Temurin-17.0.5+8 (17.0.5+8) (build 17.0.5+8)
# Java VM: OpenJDK 64-Bit Server VM Temurin-17.0.5+8 (17.0.5+8, mixed mode, sharing, tiered, compressed oops, compressed class ptrs, g1 gc, windows-amd64)
GC Precious Log:
 CPUs: 12 total, 12 available
 Memory: 24446M
 Large Page Support: Disabled
 NUMA Support: Disabled
 Compressed Oops: Enabled (Zero based)
 Heap Region Size: 4M
 Heap Min Capacity: 8M
 Heap Initial Capacity: 384M
 Heap Max Capacity: 6112M
 Pre-touch: Disabled
 Parallel Workers: 10
 Concurrent Workers: 3
 Concurrent Refinement Workers: 10
 Periodic GC: Disabled
Heap:
 garbage-first heap   total 1204224K, used 628690K [0x0000000682000000, 0x0000000800000000)
  region size 4096K, 3 young (12288K), 3 survivors (12288K)
 Metaspace       used 102849K, committed 104256K, reserved 1138688K
  class space    used 15248K, committed 15872K, reserved 1048576K
GC Heap History (20 events):
Event: 29.324 GC heap after
{Heap after GC invocations=39 (full 0):
 garbage-first heap   total 581632K, used 279943K [0x0000000682000000, 0x0000000800000000)
  region size 4096K, 3 young (12288K), 3 survivors (12288K)
 Metaspace       used 96382K, committed 97792K, reserved 1138688K
  class space    used 14475K, committed 15104K, reserved 1048576K
}
Event: 29.727 GC heap before
{Heap before GC invocations=39 (full 0):
 garbage-first heap   total 581632K, used 484743K [0x0000000682000000, 0x0000000800000000)
  region size 4096K, 53 young (217088K), 3 survivors (12288K)
 Metaspace       used 96613K, committed 97984K, reserved 1138688K
  class space    used 14512K, committed 15104K, reserved 1048576K
}
Event: 29.742 GC heap after
{Heap after GC invocations=40 (full 0):
 garbage-first heap   total 581632K, used 291446K [0x0000000682000000, 0x0000000800000000)
  region size 4096K, 6 young (24576K), 6 survivors (24576K)
 Metaspace       used 96613K, committed 97984K, reserved 1138688K
  class space    used 14512K, committed 15104K, reserved 1048576K
}
Event: 30.177 GC heap before
{Heap before GC invocations=41 (full 0):
 garbage-first heap   total 614400K, used 483958K [0x0000000682000000, 0x0000000800000000)
  region size 4096K, 53 young (217088K), 6 survivors (24576K)
 Metaspace       used 96635K, committed 97984K, reserved 1138688K
  class space    used 14520K, committed 15104K, reserved 1048576K
}
Event: 30.190 GC heap after
{Heap after GC invocations=42 (full 0):
 garbage-first heap   total 614400K, used 296588K [0x0000000682000000, 0x0000000800000000)
  region size 4096K, 5 young (20480K), 5 survivors (20480K)
 Metaspace       used 96635K, committed 97984K, reserved 1138688K
  class space    used 14520K, committed 15104K, reserved 1048576K
}
Event: 30.204 GC heap before
{Heap before GC invocations=42 (full 0):
 garbage-first heap   total 614400K, used 300684K [0x0000000682000000, 0x0000000800000000)
  region size 4096K, 7 young (28672K), 5 survivors (20480K)
 Metaspace       used 96640K, committed 98048K, reserved 1138688K
  class space    used 14520K, committed 15104K, reserved 1048576K
}
Event: 30.215 GC heap after
{Heap after GC invocations=43 (full 0):
 garbage-first heap   total 1204224K, used 295520K [0x0000000682000000, 0x0000000800000000)
  region size 4096K, 1 young (4096K), 1 survivors (4096K)
 Metaspace       used 96640K, committed 98048K, reserved 1138688K
  class space    used 14520K, committed 15104K, reserved 1048576K
}
Event: 36.983 GC heap before
{Heap before GC invocations=43 (full 0):
 garbage-first heap   total 1204224K, used 954976K [0x0000000682000000, 0x0000000800000000)
  region size 4096K, 163 young (667648K), 1 survivors (4096K)
 Metaspace       used 97409K, committed 98752K, reserved 1138688K
  class space    used 14615K, committed 15232K, reserved 1048576K
}
Event: 37.004 GC heap after
{Heap after GC invocations=44 (full 0):
 garbage-first heap   total 1204224K, used 319716K [0x0000000682000000, 0x0000000800000000)
  region size 4096K, 7 young (28672K), 7 survivors (28672K)
 Metaspace       used 97409K, committed 98752K, reserved 1138688K
  class space    used 14615K, committed 15232K, reserved 1048576K
}
Event: 45.685 GC heap before
{Heap before GC invocations=44 (full 0):
 garbage-first heap   total 1204224K, used 954596K [0x0000000682000000, 0x0000000800000000)
  region size 4096K, 162 young (663552K), 7 survivors (28672K)
 Metaspace       used 100365K, committed 101696K, reserved 1138688K
  class space    used 14958K, committed 15552K, reserved 1048576K
}
Event: 45.720 GC heap after
{Heap after GC invocations=45 (full 0):
 garbage-first heap   total 1204224K, used 343427K [0x0000000682000000, 0x0000000800000000)
  region size 4096K, 13 young (53248K), 13 survivors (53248K)
 Metaspace       used 100365K, committed 101696K, reserved 1138688K
  class space    used 14958K, committed 15552K, reserved 1048576K
}
Event: 53.188 GC heap before
{Heap before GC invocations=45 (full 0):
 garbage-first heap   total 1204224K, used 970115K [0x0000000682000000, 0x0000000800000000)
  region size 4096K, 166 young (679936K), 13 survivors (53248K)
 Metaspace       used 100942K, committed 102336K, reserved 1138688K
  class space    used 15020K, committed 15616K, reserved 1048576K
}
Event: 53.214 GC heap after
{Heap after GC invocations=46 (full 0):
 garbage-first heap   total 1204224K, used 342692K [0x0000000682000000, 0x0000000800000000)
  region size 4096K, 6 young (24576K), 6 survivors (24576K)
 Metaspace       used 100942K, committed 102336K, reserved 1138688K
  class space    used 15020K, committed 15616K, reserved 1048576K
}
Event: 55.128 GC heap before
{Heap before GC invocations=46 (full 0):
 garbage-first heap   total 1204224K, used 1002148K [0x0000000682000000, 0x0000000800000000)
  region size 4096K, 167 young (684032K), 6 survivors (24576K)
 Metaspace       used 102132K, committed 103552K, reserved 1138688K
  class space    used 15173K, committed 15808K, reserved 1048576K
}
Event: 55.263 GC heap after
{Heap after GC invocations=47 (full 0):
 garbage-first heap   total 1204224K, used 462515K [0x0000000682000000, 0x0000000800000000)
  region size 4096K, 21 young (86016K), 21 survivors (86016K)
 Metaspace       used 102132K, committed 103552K, reserved 1138688K
  class space    used 15173K, committed 15808K, reserved 1048576K
}
Event: 56.319 GC heap before
{Heap before GC invocations=47 (full 0):
 garbage-first heap   total 1204224K, used 913075K [0x0000000682000000, 0x0000000800000000)
  region size 4096K, 131 young (536576K), 21 survivors (86016K)
 Metaspace       used 102319K, committed 103744K, reserved 1138688K
  class space    used 15190K, committed 15808K, reserved 1048576K
}
Event: 56.531 GC heap after
{Heap after GC invocations=48 (full 0):
 garbage-first heap   total 1204224K, used 608864K [0x0000000682000000, 0x0000000800000000)
  region size 4096K, 17 young (69632K), 17 survivors (69632K)
 Metaspace       used 102319K, committed 103744K, reserved 1138688K
  class space    used 15190K, committed 15808K, reserved 1048576K
}
Event: 57.486 GC heap before
{Heap before GC invocations=48 (full 0):
 garbage-first heap   total 1204224K, used 891488K [0x0000000682000000, 0x0000000800000000)
  region size 4096K, 87 young (356352K), 17 survivors (69632K)
 Metaspace       used 102633K, committed 104128K, reserved 1138688K
  class space    used 15227K, committed 15872K, reserved 1048576K
}
Event: 57.541 GC heap after
{Heap after GC invocations=49 (full 0):
 garbage-first heap   total 1204224K, used 633436K [0x0000000682000000, 0x0000000800000000)
  region size 4096K, 4 young (16384K), 4 survivors (16384K)
 Metaspace       used 102633K, committed 104128K, reserved 1138688K
  class space    used 15227K, committed 15872K, reserved 1048576K
}
Event: 58.298 GC heap before
{Heap before GC invocations=49 (full 0):
 garbage-first heap   total 1204224K, used 928348K [0x0000000682000000, 0x0000000800000000)
  region size 4096K, 76 young (311296K), 4 survivors (16384K)
 Metaspace       used 102849K, committed 104256K, reserved 1138688K
  class space    used 15248K, committed 15872K, reserved 1048576K
}

